warning: Git tree '/home/nyx/nyx-config' is dirty
building the system configuration...
warning: Git tree '/home/nyx/nyx-config' is dirty
trace: warning: lib.cartesianProductOfSets is a deprecated alias of lib.cartesianProduct.
trace: warning: The option `hardware.opengl.extraPackages' defined in `/nix/store/ky23waf9w2jh4nkb7rxwm8ip2ax78f0r-source/hosts/bottom/configuration.nix' has been renamed to `hardware.graphics.extraPackages'.
trace: warning: The option `hardware.opengl.driSupport32Bit' defined in `/nix/store/ky23waf9w2jh4nkb7rxwm8ip2ax78f0r-source/hosts/bottom/configuration.nix' has been renamed to `hardware.graphics.enable32Bit'.
trace: warning: The option `hardware.opengl.enable' defined in `/nix/store/ky23waf9w2jh4nkb7rxwm8ip2ax78f0r-source/hosts/bottom/configuration.nix' has been renamed to `hardware.graphics.enable'.
these 17 derivations will be built:
  /nix/store/1w9vpwcm1zd08y9gcaqsidih32pxi5y3-man-paths.drv
  /nix/store/2pvalmwvka63q7gl0cd05w4axij1nzbv-system_fish-completions.drv
  /nix/store/ivm8yf8pqz3nsl80n0h3xmsr0hddsmkm-system-path.drv
  /nix/store/i7y0rb6ba0aqaqdzsbilhfli2p7cib03-dbus-1.drv
  /nix/store/yh0kcxl6ibjdwl4znpf80krmiksnm58a-X-Restart-Triggers-dbus.drv
  /nix/store/93s8cd37b7fq0s30p3ch4rfj1n89nkcx-unit-dbus.service.drv
  /nix/store/whwz1vfbng2vr78msxwz89yb7q31x1gj-unit-accounts-daemon.service.drv
  /nix/store/5vy5l92lxbr8gsm7qhsi5si1jrk05f03-X-Restart-Triggers-polkit.drv
  /nix/store/zqvv87kcib2q8651dww0jbyyr3lxjxc1-unit-polkit.service.drv
  /nix/store/4qn7qybq6xmx43vjfg2an4n54rvph261-system-units.drv
  /nix/store/n1z35d7gcyb25zjragl31ky7cdcwvbwr-unit-dbus.service.drv
  /nix/store/b02yxlqfs6khbksnd1nhljzs67mn8j32-user-units.drv
  /nix/store/kzms9yljwyrs5mf1bm6j8yzk2dip1imj-man-cache.drv
  /nix/store/ca1qzbrfwgyf2895nm3kx3p079pd9fm5-etc-man_db.conf.drv
  /nix/store/ys85r1ly1lnv4qaxhxikb94qn767db4z-sddm.conf.drv
  /nix/store/rlna6zgqq5n0bycvpn5zdjklwgf75m5q-etc.drv
  /nix/store/3dj5rq1qcawaxqw06i2q4fdq0cb5dja1-nixos-system-bottom-24.11.20240721.68c9ed8.drv
building '/nix/store/ivm8yf8pqz3nsl80n0h3xmsr0hddsmkm-system-path.drv'...
building '/nix/store/ys85r1ly1lnv4qaxhxikb94qn767db4z-sddm.conf.drv'...
building '/nix/store/2pvalmwvka63q7gl0cd05w4axij1nzbv-system_fish-completions.drv'...
building '/nix/store/1w9vpwcm1zd08y9gcaqsidih32pxi5y3-man-paths.drv'...
building '/nix/store/kzms9yljwyrs5mf1bm6j8yzk2dip1imj-man-cache.drv'...
building '/nix/store/5vy5l92lxbr8gsm7qhsi5si1jrk05f03-X-Restart-Triggers-polkit.drv'...
building '/nix/store/i7y0rb6ba0aqaqdzsbilhfli2p7cib03-dbus-1.drv'...
building '/nix/store/whwz1vfbng2vr78msxwz89yb7q31x1gj-unit-accounts-daemon.service.drv'...
building '/nix/store/zqvv87kcib2q8651dww0jbyyr3lxjxc1-unit-polkit.service.drv'...
building '/nix/store/yh0kcxl6ibjdwl4znpf80krmiksnm58a-X-Restart-Triggers-dbus.drv'...
building '/nix/store/93s8cd37b7fq0s30p3ch4rfj1n89nkcx-unit-dbus.service.drv'...
building '/nix/store/n1z35d7gcyb25zjragl31ky7cdcwvbwr-unit-dbus.service.drv'...
building '/nix/store/4qn7qybq6xmx43vjfg2an4n54rvph261-system-units.drv'...
building '/nix/store/b02yxlqfs6khbksnd1nhljzs67mn8j32-user-units.drv'...
building '/nix/store/ca1qzbrfwgyf2895nm3kx3p079pd9fm5-etc-man_db.conf.drv'...
building '/nix/store/rlna6zgqq5n0bycvpn5zdjklwgf75m5q-etc.drv'...
building '/nix/store/3dj5rq1qcawaxqw06i2q4fdq0cb5dja1-nixos-system-bottom-24.11.20240721.68c9ed8.drv'...
stopping the following units: accounts-daemon.service
activating the configuration...
setting up /etc...
reloading user units for nyx...
restarting sysinit-reactivation.target
reloading the following units: dbus.service
restarting the following units: polkit.service
starting the following units: accounts-daemon.service
